CRITICAL - 2023-05-28 04:08:21 --> syntax error, unexpected '}', expecting ';'
in APPPATH\Controllers\Home.php on line 10.
 1 SYSTEMPATH\Autoloader\Autoloader.php(289): CodeIgniter\Autoloader\Autoloader->includeFile('C:\\xampp\\phpMyAdmin\\htdocs\\lab11_php_ci\\app\\Controllers\\Home.php')
 2 SYSTEMPATH\Autoloader\Autoloader.php(267): CodeIgniter\Autoloader\Autoloader->loadInNamespace('App\\Controllers\\Home')
 3 [internal function]: CodeIgniter\Autoloader\Autoloader->loadClass('App\\Controllers\\Home')
 4 [internal function]: spl_autoload_call('App\\Controllers\\Home')
 5 SYSTEMPATH\CodeIgniter.php(892): class_exists('\\App\\Controllers\\Home', true)
 6 SYSTEMPATH\CodeIgniter.php(486): CodeIgniter\CodeIgniter->startController()
 7 SYSTEMPATH\CodeIgniter.php(368): CodeIgniter\CodeIgniter->handleRequest(null, Object(Config\Cache), false)
 8 FCPATH\index.php(67): CodeIgniter\CodeIgniter->run()
CRITICAL - 2023-05-28 04:08:21 --> syntax error, unexpected '}', expecting ';'
in APPPATH\Controllers\Home.php on line 10.
 1 SYSTEMPATH\Autoloader\Autoloader.php(289): CodeIgniter\Autoloader\Autoloader->includeFile('C:\\xampp\\phpMyAdmin\\htdocs\\lab11_php_ci\\app\\Controllers\\Home.php')
 2 SYSTEMPATH\Autoloader\Autoloader.php(267): CodeIgniter\Autoloader\Autoloader->loadInNamespace('App\\Controllers\\Home')
 3 [internal function]: CodeIgniter\Autoloader\Autoloader->loadClass('App\\Controllers\\Home')
 4 [internal function]: spl_autoload_call('App\\Controllers\\Home')
 5 SYSTEMPATH\CodeIgniter.php(892): class_exists('\\App\\Controllers\\Home', true)
 6 SYSTEMPATH\CodeIgniter.php(486): CodeIgniter\CodeIgniter->startController()
 7 SYSTEMPATH\CodeIgniter.php(368): CodeIgniter\CodeIgniter->handleRequest(null, Object(Config\Cache), false)
 8 FCPATH\index.php(67): CodeIgniter\CodeIgniter->run()
CRITICAL - 2023-05-28 04:47:50 --> Use of undefined constant MYSQLI_STORE_RESULT - assumed 'MYSQLI_STORE_RESULT' (this will throw an Error in a future version of PHP)
in SYSTEMPATH\Database\Database.php on line 139.
 1 SYSTEMPATH\Database\Database.php(139): CodeIgniter\Debug\Exceptions->errorHandler(2, 'Use of undefined constant MYSQLI_STORE_RESULT - assumed \'MYSQLI_STORE_RESULT\' (this will throw an Error in a future version of PHP)', 'C:\\xampp\\phpMyAdmin\\htdocs\\lab11_php_ci\\system\\Database\\Database.php', 139, [...])
 2 SYSTEMPATH\Database\Database.php(56): CodeIgniter\Database\Database->initDriver('MySQLi', 'CodeIgniter\\Database\\MySQLi\\Connection', [...])
 3 SYSTEMPATH\Database\Config.php(82): CodeIgniter\Database\Database->load([...], 'default')
 4 SYSTEMPATH\Model.php(155): CodeIgniter\Database\Config::connect('default')
 5 APPPATH\Controllers\Artikel.php(11): CodeIgniter\Model->__construct()
 6 SYSTEMPATH\CodeIgniter.php(934): App\Controllers\Artikel->index()
 7 SYSTEMPATH\CodeIgniter.php(499): CodeIgniter\CodeIgniter->runController(Object(App\Controllers\Artikel))
 8 SYSTEMPATH\CodeIgniter.php(368): CodeIgniter\CodeIgniter->handleRequest(null, Object(Config\Cache), false)
 9 FCPATH\index.php(67): CodeIgniter\CodeIgniter->run()
10 SYSTEMPATH\Commands\Server\rewrite.php(47): require_once('C:\\xampp\\phpMyAdmin\\htdocs\\lab11_php_ci\\public\\index.php')
CRITICAL - 2023-05-28 04:49:01 --> Use of undefined constant MYSQLI_STORE_RESULT - assumed 'MYSQLI_STORE_RESULT' (this will throw an Error in a future version of PHP)
in SYSTEMPATH\Database\Database.php on line 139.
 1 SYSTEMPATH\Database\Database.php(139): CodeIgniter\Debug\Exceptions->errorHandler(2, 'Use of undefined constant MYSQLI_STORE_RESULT - assumed \'MYSQLI_STORE_RESULT\' (this will throw an Error in a future version of PHP)', 'C:\\xampp\\phpMyAdmin\\htdocs\\lab11_php_ci\\system\\Database\\Database.php', 139, [...])
 2 SYSTEMPATH\Database\Database.php(56): CodeIgniter\Database\Database->initDriver('MySQLi', 'CodeIgniter\\Database\\MySQLi\\Connection', [...])
 3 SYSTEMPATH\Database\Config.php(82): CodeIgniter\Database\Database->load([...], 'default')
 4 SYSTEMPATH\Model.php(155): CodeIgniter\Database\Config::connect('default')
 5 APPPATH\Controllers\Artikel.php(11): CodeIgniter\Model->__construct()
 6 SYSTEMPATH\CodeIgniter.php(934): App\Controllers\Artikel->index()
 7 SYSTEMPATH\CodeIgniter.php(499): CodeIgniter\CodeIgniter->runController(Object(App\Controllers\Artikel))
 8 SYSTEMPATH\CodeIgniter.php(368): CodeIgniter\CodeIgniter->handleRequest(null, Object(Config\Cache), false)
 9 FCPATH\index.php(67): CodeIgniter\CodeIgniter->run()
10 SYSTEMPATH\Commands\Server\rewrite.php(47): require_once('C:\\xampp\\phpMyAdmin\\htdocs\\lab11_php_ci\\public\\index.php')
CRITICAL - 2023-05-28 05:22:42 --> Use of undefined constant MYSQLI_STORE_RESULT - assumed 'MYSQLI_STORE_RESULT' (this will throw an Error in a future version of PHP)
in SYSTEMPATH\Database\Database.php on line 139.
 1 SYSTEMPATH\Database\Database.php(139): CodeIgniter\Debug\Exceptions->errorHandler(2, 'Use of undefined constant MYSQLI_STORE_RESULT - assumed \'MYSQLI_STORE_RESULT\' (this will throw an Error in a future version of PHP)', 'C:\\xampp\\phpMyAdmin\\htdocs\\lab11_php_ci\\system\\Database\\Database.php', 139, [...])
 2 SYSTEMPATH\Database\Database.php(56): CodeIgniter\Database\Database->initDriver('MySQLi', 'CodeIgniter\\Database\\MySQLi\\Connection', [...])
 3 SYSTEMPATH\Database\Config.php(82): CodeIgniter\Database\Database->load([...], 'default')
 4 SYSTEMPATH\Model.php(155): CodeIgniter\Database\Config::connect('default')
 5 APPPATH\Controllers\Artikel.php(11): CodeIgniter\Model->__construct()
 6 SYSTEMPATH\CodeIgniter.php(934): App\Controllers\Artikel->index()
 7 SYSTEMPATH\CodeIgniter.php(499): CodeIgniter\CodeIgniter->runController(Object(App\Controllers\Artikel))
 8 SYSTEMPATH\CodeIgniter.php(368): CodeIgniter\CodeIgniter->handleRequest(null, Object(Config\Cache), false)
 9 FCPATH\index.php(67): CodeIgniter\CodeIgniter->run()
10 SYSTEMPATH\Commands\Server\rewrite.php(47): require_once('C:\\xampp\\phpMyAdmin\\htdocs\\lab11_php_ci\\public\\index.php')
CRITICAL - 2023-05-28 05:24:10 --> Use of undefined constant MYSQLI_STORE_RESULT - assumed 'MYSQLI_STORE_RESULT' (this will throw an Error in a future version of PHP)
in SYSTEMPATH\Database\Database.php on line 139.
 1 SYSTEMPATH\Database\Database.php(139): CodeIgniter\Debug\Exceptions->errorHandler(2, 'Use of undefined constant MYSQLI_STORE_RESULT - assumed \'MYSQLI_STORE_RESULT\' (this will throw an Error in a future version of PHP)', 'C:\\xampp\\phpMyAdmin\\htdocs\\lab11_php_ci\\system\\Database\\Database.php', 139, [...])
 2 SYSTEMPATH\Database\Database.php(56): CodeIgniter\Database\Database->initDriver('MySQLi', 'CodeIgniter\\Database\\MySQLi\\Connection', [...])
 3 SYSTEMPATH\Database\Config.php(82): CodeIgniter\Database\Database->load([...], 'default')
 4 SYSTEMPATH\Model.php(155): CodeIgniter\Database\Config::connect('default')
 5 APPPATH\Controllers\Artikel.php(11): CodeIgniter\Model->__construct()
 6 SYSTEMPATH\CodeIgniter.php(934): App\Controllers\Artikel->index()
 7 SYSTEMPATH\CodeIgniter.php(499): CodeIgniter\CodeIgniter->runController(Object(App\Controllers\Artikel))
 8 SYSTEMPATH\CodeIgniter.php(368): CodeIgniter\CodeIgniter->handleRequest(null, Object(Config\Cache), false)
 9 FCPATH\index.php(67): CodeIgniter\CodeIgniter->run()
10 SYSTEMPATH\Commands\Server\rewrite.php(47): require_once('C:\\xampp\\phpMyAdmin\\htdocs\\lab11_php_ci\\public\\index.php')
CRITICAL - 2023-05-28 05:50:27 --> Use of undefined constant MYSQLI_STORE_RESULT - assumed 'MYSQLI_STORE_RESULT' (this will throw an Error in a future version of PHP)
in SYSTEMPATH\Database\Database.php on line 139.
 1 SYSTEMPATH\Database\Database.php(139): CodeIgniter\Debug\Exceptions->errorHandler(2, 'Use of undefined constant MYSQLI_STORE_RESULT - assumed \'MYSQLI_STORE_RESULT\' (this will throw an Error in a future version of PHP)', 'C:\\xampp\\phpMyAdmin\\htdocs\\lab11_php_ci\\system\\Database\\Database.php', 139, [...])
 2 SYSTEMPATH\Database\Database.php(56): CodeIgniter\Database\Database->initDriver('MySQLi', 'CodeIgniter\\Database\\MySQLi\\Connection', [...])
 3 SYSTEMPATH\Database\Config.php(82): CodeIgniter\Database\Database->load([...], 'default')
 4 SYSTEMPATH\Model.php(155): CodeIgniter\Database\Config::connect('default')
 5 APPPATH\Controllers\Artikel.php(11): CodeIgniter\Model->__construct()
 6 SYSTEMPATH\CodeIgniter.php(934): App\Controllers\Artikel->index()
 7 SYSTEMPATH\CodeIgniter.php(499): CodeIgniter\CodeIgniter->runController(Object(App\Controllers\Artikel))
 8 SYSTEMPATH\CodeIgniter.php(368): CodeIgniter\CodeIgniter->handleRequest(null, Object(Config\Cache), false)
 9 FCPATH\index.php(67): CodeIgniter\CodeIgniter->run()
10 SYSTEMPATH\Commands\Server\rewrite.php(47): require_once('C:\\xampp\\phpMyAdmin\\htdocs\\lab11_php_ci\\public\\index.php')
CRITICAL - 2023-05-28 05:54:29 --> Use of undefined constant MYSQLI_STORE_RESULT - assumed 'MYSQLI_STORE_RESULT' (this will throw an Error in a future version of PHP)
in SYSTEMPATH\Database\Database.php on line 139.
 1 SYSTEMPATH\Database\Database.php(139): CodeIgniter\Debug\Exceptions->errorHandler(2, 'Use of undefined constant MYSQLI_STORE_RESULT - assumed \'MYSQLI_STORE_RESULT\' (this will throw an Error in a future version of PHP)', 'C:\\xampp\\phpMyAdmin\\htdocs\\lab11_php_ci\\system\\Database\\Database.php', 139, [...])
 2 SYSTEMPATH\Database\Database.php(56): CodeIgniter\Database\Database->initDriver('MySQLi', 'CodeIgniter\\Database\\MySQLi\\Connection', [...])
 3 SYSTEMPATH\Database\Config.php(82): CodeIgniter\Database\Database->load([...], 'default')
 4 SYSTEMPATH\Model.php(155): CodeIgniter\Database\Config::connect('default')
 5 APPPATH\Controllers\Artikel.php(11): CodeIgniter\Model->__construct()
 6 SYSTEMPATH\CodeIgniter.php(934): App\Controllers\Artikel->index()
 7 SYSTEMPATH\CodeIgniter.php(499): CodeIgniter\CodeIgniter->runController(Object(App\Controllers\Artikel))
 8 SYSTEMPATH\CodeIgniter.php(368): CodeIgniter\CodeIgniter->handleRequest(null, Object(Config\Cache), false)
 9 FCPATH\index.php(67): CodeIgniter\CodeIgniter->run()
10 SYSTEMPATH\Commands\Server\rewrite.php(47): require_once('C:\\xampp\\phpMyAdmin\\htdocs\\lab11_php_ci\\public\\index.php')
CRITICAL - 2023-05-28 05:57:08 --> Use of undefined constant MYSQLI_STORE_RESULT - assumed 'MYSQLI_STORE_RESULT' (this will throw an Error in a future version of PHP)
in SYSTEMPATH\Database\Database.php on line 139.
 1 SYSTEMPATH\Database\Database.php(139): CodeIgniter\Debug\Exceptions->errorHandler(2, 'Use of undefined constant MYSQLI_STORE_RESULT - assumed \'MYSQLI_STORE_RESULT\' (this will throw an Error in a future version of PHP)', 'C:\\xampp\\phpMyAdmin\\htdocs\\lab11_php_ci\\system\\Database\\Database.php', 139, [...])
 2 SYSTEMPATH\Database\Database.php(56): CodeIgniter\Database\Database->initDriver('MySQLi', 'CodeIgniter\\Database\\MySQLi\\Connection', [...])
 3 SYSTEMPATH\Database\Config.php(82): CodeIgniter\Database\Database->load([...], 'default')
 4 SYSTEMPATH\Model.php(155): CodeIgniter\Database\Config::connect('default')
 5 APPPATH\Controllers\Artikel.php(11): CodeIgniter\Model->__construct()
 6 SYSTEMPATH\CodeIgniter.php(934): App\Controllers\Artikel->index()
 7 SYSTEMPATH\CodeIgniter.php(499): CodeIgniter\CodeIgniter->runController(Object(App\Controllers\Artikel))
 8 SYSTEMPATH\CodeIgniter.php(368): CodeIgniter\CodeIgniter->handleRequest(null, Object(Config\Cache), false)
 9 FCPATH\index.php(67): CodeIgniter\CodeIgniter->run()
10 SYSTEMPATH\Commands\Server\rewrite.php(47): require_once('C:\\xampp\\phpMyAdmin\\htdocs\\lab11_php_ci\\public\\index.php')
